{"C:\\Users\\SergeMaestro\\Programming\\Sidemash\\Library\\utilitaire-js\\src\\ts\\Sum.js": {"path":"C:\\Users\\SergeMaestro\\Programming\\Sidemash\\Library\\utilitaire-js\\src\\ts\\Sum.js","statementMap":{"0":{"start":{"line":1,"column":0},"end":{"line":1,"column":48}},"1":{"start":{"line":1,"column":32},"end":{"line":1,"column":45}}},"fnMap":{"0":{"name":"(anonymous_0)","decl":{"start":{"line":1,"column":14},"end":{"line":1,"column":15}},"loc":{"start":{"line":1,"column":30},"end":{"line":1,"column":47}},"line":1}},"branchMap":{},"s":{"0":1,"1":1},"f":{"0":1},"b":{},"_coverageSchema":"43e27e138ebf9cfc5966b082cf9a028302ed4184","hash":"7af5a1ec70d5ba0513def54b1a4516f384079eab"}
}
